<?xml version="1.0" encoding="UTF-8"?>
<!-- Generated by org.testng.reporters.JUnitReportReporter -->
<testsuite hostname="Ganesh" name="com.asda.qa.search.api.SolrVsContent" tests="1" failures="0" timestamp="25 Oct 2019 01:25:22 GMT" time="345.681" errors="0">
  <testcase name="test_SolrVsContent_Search" time="345.681" classname="com.asda.qa.search.api.SolrVsContent"/>
</testsuite> <!-- com.asda.qa.search.api.SolrVsContent -->
